<?xml version="1.0" encoding="UTF-8"?>
<!-- Generated by org.testng.reporters.JUnitXMLReporter -->
<testsuite hostname="UNKNOWN" ignored="0" name="Test78" tests="2" failures="1" timestamp="2020-05-27T16:21:10 BST" time="0.061" errors="0">
  <testcase name="Test77" time="0.008" classname="us.pack.Annotations"/>
  <testcase name="Test78" time="0.004" classname="us.pack.Annotations">
    <failure type="java.lang.Error" message="Unresolved compilation problem: 
	Arr cannot be resolved to a variable
">
      <![CDATA[java.lang.Error: Unresolved compilation problem: 
Arr cannot be resolved to a variable

at us.pack.Annotations.Test78(Annotations.java:14)
at java.util.ArrayList.forEach(ArrayList.java:1257)
... Removed 27 stack frames]]>
    </failure>
  </testcase> <!-- Test78 -->
</testsuite> <!-- Test78 -->
