<?xml version="1.0" encoding="UTF-8"?>
<!-- Generated by org.testng.reporters.JUnitXMLReporter -->
<testsuite hostname="Preethas-MacBook-Pro.local" ignored="0" name="login testcases" tests="4" failures="0" timestamp="2020-05-28T13:50:23 BST" time="8.17" errors="0">
  <testcase name="CUserpwd" time="1.371" classname="login.Logintotal"/>
  <testcase name="CUserpwd" time="0.431" classname="login.Logintotal"/>
  <testcase name="CUserpwd" time="0.433" classname="login.Logintotal"/>
  <testcase name="CUserpwd" time="2.16" classname="login.Logintotal"/>
</testsuite> <!-- login testcases -->
