<?xml version="1.0" encoding="UTF-8"?>
<!-- Generated by org.testng.reporters.JUnitXMLReporter -->
<testsuite hostname="Preethas-MBP" ignored="0" name="Regression Test" tests="4" failures="0" timestamp="2020-05-27T17:49:46 BST" time="15.463" errors="0">
  <testcase name="CUserpwd" time="5.473" classname="login.BothCorrect"/>
  <testcase name="BothInUserpwd" time="3.152" classname="login.BothIncorrect"/>
  <testcase name="CUser" time="3.623" classname="login.CorrectUname"/>
  <testcase name="Cpwd" time="3.148" classname="login.CorrectPassword"/>
</testsuite> <!-- Regression Test -->
