<?xml version="1.0" encoding="UTF-8"?>
<testng-results skipped="0" failed="0" ignored="0" total="1" passed="1">
  <reporter-output>
  </reporter-output>
  <suite name="Default suite" duration-ms="7110" started-at="2020-06-28T11:09:10 BST" finished-at="2020-06-28T11:09:17 BST">
    <groups>
    </groups>
    <test name="Default test" duration-ms="7110" started-at="2020-06-28T11:09:10 BST" finished-at="2020-06-28T11:09:17 BST">
      <class name="testCases.DataTableTestcases">
        <test-method status="PASS" signature="data()[pri:0, instance:testCases.DataTableTestcases@6ddf90b0]" name="data" duration-ms="7044" started-at="2020-06-28T11:09:10 BST" finished-at="2020-06-28T11:09:17 BST">
          <reporter-output>
          </reporter-output>
        </test-method> <!-- data -->
      </class> <!-- testCases.DataTableTestcases -->
    </test> <!-- Default test -->
  </suite> <!-- Default suite -->
</testng-results>
