<?xml version="1.0" encoding="UTF-8"?>
<!-- Generated by org.testng.reporters.JUnitXMLReporter -->
<testsuite hostname="Preethas-MBP" ignored="1" name="MyfirstTest" tests="5" failures="0" timestamp="2020-05-26T10:53:05 BST" time="0.077" errors="0">
  <testcase name="test1" time="0.01" classname="us.pack.parallelandGroups"/>
  <testcase name="test2" time="0.001" classname="us.pack.parallelandGroups"/>
  <testcase name="test4" time="0.002" classname="us.pack.parallelandGroups"/>
  <testcase name="test5" time="0.001" classname="us.pack.parallelandGroups"/>
  <testcase name="test6" time="0.001" classname="us.pack.parallelandGroups"/>
  <testcase name="test3" time="0.0" classname="us.pack.parallelandGroups">
    <ignored/>
  </testcase> <!-- test3 -->
</testsuite> <!-- MyfirstTest -->
