<?xml version="1.0" encoding="UTF-8"?>
<testng-results skipped="0" failed="0" ignored="0" total="1" passed="1">
  <reporter-output>
  </reporter-output>
  <suite name="Default suite" duration-ms="7704" started-at="2020-05-29T14:47:55 BST" finished-at="2020-05-29T14:48:03 BST">
    <groups>
    </groups>
    <test name="Default test" duration-ms="7704" started-at="2020-05-29T14:47:55 BST" finished-at="2020-05-29T14:48:03 BST">
      <class name="functional.testcases.PageObjectWithOutFindBy">
        <test-method status="PASS" signature="Login()[pri:0, instance:functional.testcases.PageObjectWithOutFindBy@6ddf90b0]" name="Login" duration-ms="7651" started-at="2020-05-29T14:47:55 BST" finished-at="2020-05-29T14:48:03 BST">
          <reporter-output>
          </reporter-output>
        </test-method> <!-- Login -->
      </class> <!-- functional.testcases.PageObjectWithOutFindBy -->
    </test> <!-- Default test -->
  </suite> <!-- Default suite -->
</testng-results>
